Copyright 1986-2020 Xilinx, Inc. All Rights Reserved.
-----------------------------------------------------------------------------------------------
| Tool Version : Vivado v.2020.2 (win64) Build 3064766 Wed Nov 18 09:12:45 MST 2020
| Date         : Sat Oct 15 11:41:04 2022
| Host         : GDESK-38 running 64-bit major release  (build 9200)
| Command      : report_control_sets -verbose -file picoblaze_demo_top_control_sets_placed.rpt
| Design       : picoblaze_demo_top
| Device       : xc7a100t
-----------------------------------------------------------------------------------------------

Control Set Information

Table of Contents
-----------------
1. Summary
2. Histogram
3. Flip-Flop Distribution
4. Detailed Control Set Information

1. Summary
----------

+----------------------------------------------------------+-------+
|                          Status                          | Count |
+----------------------------------------------------------+-------+
| Total control sets                                       |    15 |
|    Minimum number of control sets                        |    15 |
|    Addition due to synthesis replication                 |     0 |
|    Addition due to physical synthesis replication        |     0 |
| Unused register locations in slices containing registers |    45 |
+----------------------------------------------------------+-------+
* Control sets can be merged at opt_design using control_set_merge or merge_equivalent_drivers
** Run report_qor_suggestions for automated merging and remapping suggestions


2. Histogram
------------

+--------------------+-------+
|       Fanout       | Count |
+--------------------+-------+
| Total control sets |    15 |
| >= 0 to < 4        |     3 |
| >= 4 to < 6        |     1 |
| >= 6 to < 8        |     1 |
| >= 8 to < 10       |     3 |
| >= 10 to < 12      |     0 |
| >= 12 to < 14      |     2 |
| >= 14 to < 16      |     0 |
| >= 16              |     5 |
+--------------------+-------+
* Control sets can be remapped at either synth_design or opt_design


3. Flip-Flop Distribution
-------------------------

+--------------+-----------------------+------------------------+-----------------+--------------+
| Clock Enable | Synchronous Set/Reset | Asynchronous Set/Reset | Total Registers | Total Slices |
+--------------+-----------------------+------------------------+-----------------+--------------+
| No           | No                    | No                     |              49 |           16 |
| No           | No                    | Yes                    |              20 |            5 |
| No           | Yes                   | No                     |              18 |            8 |
| Yes          | No                    | No                     |              38 |           12 |
| Yes          | No                    | Yes                    |               0 |            0 |
| Yes          | Yes                   | No                     |              14 |            4 |
+--------------+-----------------------+------------------------+-----------------+--------------+


4. Detailed Control Set Information
-----------------------------------

+--------------------------------------------------------------+----------------------------------------------------------------+-----------------------------------------------------------------------------------------------+------------------+----------------+--------------+
|                         Clock Signal                         |                          Enable Signal                         |                                        Set/Reset Signal                                       | Slice Load Count | Bel Load Count | Bels / Slice |
+--------------------------------------------------------------+----------------------------------------------------------------+-----------------------------------------------------------------------------------------------+------------------+----------------+--------------+
|  program_rom/instantiate_loader.jtag_loader_6_inst/shift_clk |                                                                |                                                                                               |                1 |              1 |         1.00 |
|  program_rom/instantiate_loader.jtag_loader_6_inst/CLK       |                                                                |                                                                                               |                1 |              1 |         1.00 |
|  BUFGP1/O                                                    | processor/flag_enable                                          | processor/internal_reset                                                                      |                1 |              2 |         2.00 |
|  program_rom/instantiate_loader.jtag_loader_6_inst/CLK       |                                                                | program_rom/instantiate_loader.jtag_loader_6_inst/jtag_loader_gen.control_dout_int[7]_i_1_n_0 |                1 |              4 |         4.00 |
|  BUFGP1/O                                                    |                                                                | processor/internal_reset                                                                      |                3 |              6 |         2.00 |
|  BUFGP1/O                                                    |                                                                | program_rom/instruction[7]                                                                    |                4 |              8 |         2.00 |
|  BUFGP1/O                                                    | processor/spm_enable                                           |                                                                                               |                2 |              8 |         4.00 |
|  BUFGP1/O                                                    | processor/E[0]                                                 |                                                                                               |                3 |              8 |         2.67 |
|  BUFGP1/O                                                    | processor/t_state_0                                            | processor/internal_reset                                                                      |                3 |             12 |         4.00 |
|  program_rom/instantiate_loader.jtag_loader_6_inst/shift_clk | program_rom/instantiate_loader.jtag_loader_6_inst/shift        |                                                                                               |                3 |             13 |         4.33 |
|  BUFGP1/O                                                    | processor/register_enable                                      |                                                                                               |                2 |             16 |         8.00 |
|  BUFGP1/O                                                    | processor/t_state_0                                            |                                                                                               |                2 |             16 |         8.00 |
|  program_rom/instantiate_loader.jtag_loader_6_inst/shift_clk | program_rom/instantiate_loader.jtag_loader_6_inst/jtag_din_int |                                                                                               |                6 |             17 |         2.83 |
|  BUFGP1/O                                                    |                                                                | BtnC_IBUF                                                                                     |                5 |             20 |         4.00 |
|  BUFGP1/O                                                    |                                                                |                                                                                               |               14 |             47 |         3.36 |
+--------------------------------------------------------------+----------------------------------------------------------------+-----------------------------------------------------------------------------------------------+------------------+----------------+--------------+


