KCPSM6 Assembler log file for program 'C:\Users\scottsus\EE 354\Lab 8\Picoblaze_Design_Steps_Demo\assembly\prom_demo.psm'.
Generated by KCPSM6 version v2.70
Ken Chapman - Xilinx Ltd - 16th May 2014

Assembly datestamp: 15 Oct 2022
Assembly timestamp: 11:32:00

Contents
  Assembly listing
  List of PSM files
  List of CONSTANTs
  List of TABLEs
  List of STRINGs
  List of line labels
  Instruction usage statistics


Last occupied address: 002 hex
Nominal program memory size: 1K (1024)   address(9:0)
Actual memory size: 4096
  (Default memory size)
Occupied memory locations: 3
Memory locations available: 4093


Assembly listing

 Addr Code          Instruction

 000                ; KCPSM6 Program
 000                ; Author - Gandhi Puvvada
 000                ; Date: 4/7/2017, 3/1/2020
 000                ;**************************************************************************************
 000                ; Port definitions
 000                ;**************************************************************************************
 000                ;ports
 000                ;*************************************************************************************
 000                ;
 000                ; Though in this demo we are not using all these ports, let us keep these definitions for future labs.
 000                CONSTANT Dividend_Divisor, 00       ;port00 used for loading info of Dividend and Divisor
 000                ; CONSTANT Control_signal,      01    ;port01 used for loading info of Reset(BtnU), Start and ACK signals
 000                CONSTANT Quotient_Reminder, 00      ;port00 used for outputting Quotient and Remainder to LEDs
 000                ; CONSTANT Current_State,       01    ;port01 used for outputting current state info (Initial (QI), Compute (QC) and Done (QD)) to LEDs
 000                ;
 000                CONSTANT pb_input, 01               ; port01 used for loading info of push buttons BtnL BtnR BtnU BtnD
 000                CONSTANT led_output, 01             ; port01 used for outputting Push Button info to leds
 000                CONSTANT Switch_Data_Input, 02      ; port02 used for loading info of Switches SW7-0
 000                CONSTANT SSD_Output, 02             ; port02 used for outputting Switch Info to 7 Segment Display
 000                CONSTANT interrupt_cause, 03        ; port03 used for loading info of interrupt cause
 000                CONSTANT interrupt_acknowledged, 03 ; port03 used for outputting acknowledged interrupt
 000                ;**************************************************************************************
 000                ;**************************************************************************************
 000                ;MAIN PROGRAM
 000                ;**************************************************************************************
 000                ;
 000         start: 
 000  09002         INPUT s0, 02[Switch_Data_Input]     ; Read the 8 switches into general purpose register s0
 001  2D001         OUTPUT s0, 01[led_output]           ; send switches info from s0 to the 8 leds
 002  22000   exit: JUMP 000[start]                     ; keep repeating the same
 003                ;****************************************************************************************
 003                ;Interrupt subroutine (ISR)
 003                ;****************************************************************************************
 003                ;**************************************************************************************
 003                ;Interrupt Vector
 003                ;**************************************************************************************


All unused memory locations contain zero (equivalent to 'LOAD s0, s0')



List of PSM files that have been assembled

C:\Users\scottsus\EE 354\Lab 8\Picoblaze_Design_Steps_Demo\assembly\prom_demo.psm



List of defined constants

 CONSTANT name          Value        Source PSM File

 timestamp_hours        11'd         
 timestamp_minutes      32'd         
 timestamp_seconds      00'd         
 datestamp_year         22'd         
 datestamp_month        10'd         
 datestamp_day          15'd         
 NUL                    00           
 BEL                    07           
 BS                     08           
 HT                     09           
 LF                     0A           
 VT                     0B           
 CR                     0D           
 ESC                    1B           
 DEL                    7F           
 DCS                    90           
 ST                     9C           
 Dividend_Divisor       00           prom_demo.psm
 Quotient_Reminder      00           prom_demo.psm
 pb_input               01           prom_demo.psm
 led_output             01           prom_demo.psm
 Switch_Data_Input      02           prom_demo.psm
 SSD_Output             02           prom_demo.psm
 interrupt_cause        03           prom_demo.psm
 interrupt_acknowledged 03           prom_demo.psm



No TABLEs defined



List of text strings

 STRING name       String         Source PSM File

 KCPSM6_version$   "v2.70"        
 datestamp$        "15 Oct 2022"  
 timestamp$        "11:32:00"     



List of line labels

   Label    Addr  Source PSM File

   start    000   prom_demo.psm
 * exit     002   prom_demo.psm

      * Line label has not been referenced in any instructions.
        Hint - This may indicate unused code that could be
               removed to reduce the size of this program.



Instruction usage statistics

 Instruction    Instances

 LOAD              -
 STAR              -

 AND               -
 OR                -
 XOR               -

 ADD               -
 ADDCY             -
 SUB               -
 SUBCY             -

 TEST              -
 TESTCY            -
 COMPARE           -
 COMPARECY         -

 SL0               -
 SL1               -
 SLX               -
 SLA               -
 RL                -
 SR0               -
 SR1               -
 SRX               -
 SRA               -
 RR                -

 REGBANK           -

 INPUT             1
 OUTPUT            1
 OUTPUTK           -

 STORE             -
 FETCH             -

 DISABLE           -
 ENABLE            -
 RETURNI           -

 JUMP              1
 JUMP@             -
 CALL              -
 CALL@             -
 RETURN            -
 LOAD&RETURN       -

 HWBUILD           -



End of KCPSM6 log file.
